2025-08-21 15:29:41,651 - __main__ - INFO - Starting comprehensive test run...
2025-08-21 15:29:41,651 - __main__ - INFO - Discovering existing problems in codebase...
2025-08-21 15:29:41,651 - problem_discovery - INFO - Scanning module: GopiAI-UI
2025-08-21 15:29:42,366 - problem_discovery - INFO - Scanning module: GopiAI-CrewAI
2025-08-21 15:29:43,462 - problem_discovery - INFO - Scanning module: GopiAI-Assets
2025-08-21 15:29:43,468 - problem_discovery - INFO - Problem discovery report written to problem_discovery_report.json
2025-08-21 15:29:43,469 - problem_discovery - INFO - Pytest markers written to test_infrastructure/pytest_markers.py
2025-08-21 15:29:43,469 - __main__ - INFO - Discovered 73 problems
2025-08-21 15:29:43,469 - __main__ - INFO - Validating test environments...
2025-08-21 15:29:43,469 - __main__ - WARNING - ✗ Environment .venv is not available
2025-08-21 15:29:43,469 - __main__ - WARNING - Some environments are not available - some tests may be skipped
2025-08-21 15:29:43,469 - __main__ - INFO - Prepared 7 test tasks
2025-08-21 15:29:43,469 - __main__ - INFO - Running tests in parallel with 3 workers
2025-08-21 15:29:43,470 - __main__ - ERROR - Failed to create test command for gopiai-ui: Python executable not found for environment .venv
2025-08-21 15:29:43,471 - __main__ - ERROR - Failed to create test command for gopiai-ui: Python executable not found for environment .venv
2025-08-21 15:29:43,472 - __main__ - ERROR - Failed to create test command for gopiai-ui: Python executable not found for environment .venv
2025-08-21 15:29:43,472 - __main__ - ERROR - Failed to create test command for gopiai-crewai: Python executable not found for environment .venv
2025-08-21 15:29:43,472 - __main__ - ERROR - Failed to create test command for gopiai-crewai: Python executable not found for environment .venv
2025-08-21 15:29:43,473 - __main__ - ERROR - Failed to create test command for gopiai-crewai: Python executable not found for environment .venv
2025-08-21 15:29:43,473 - __main__ - ERROR - Failed to create test command for gopiai-assets: Python executable not found for environment .venv
2025-08-21 15:29:43,476 - __main__ - INFO - Comprehensive test report written to comprehensive_test_report_1755790183.json
2025-08-21 16:24:09,501 - __main__ - INFO - Starting comprehensive test run...
2025-08-21 16:24:09,501 - __main__ - INFO - Discovering existing problems in codebase...
2025-08-21 16:24:09,502 - problem_discovery - INFO - Scanning module: GopiAI-UI
2025-08-21 16:24:10,330 - problem_discovery - INFO - Scanning module: GopiAI-CrewAI
2025-08-21 16:24:11,740 - problem_discovery - INFO - Scanning module: GopiAI-Assets
2025-08-21 16:24:11,752 - problem_discovery - INFO - Problem discovery report written to problem_discovery_report.json
2025-08-21 16:24:11,752 - problem_discovery - INFO - Pytest markers written to test_infrastructure/pytest_markers.py
2025-08-21 16:24:11,752 - __main__ - INFO - Discovered 73 problems
2025-08-21 16:24:11,752 - __main__ - INFO - Validating test environments...
2025-08-21 16:24:11,752 - __main__ - INFO - ✓ Environment .venv is valid
2025-08-21 16:24:11,753 - __main__ - INFO - Prepared 7 test tasks
2025-08-21 16:24:11,753 - __main__ - INFO - Running tests in parallel with 3 workers
2025-08-21 16:24:11,754 - __main__ - INFO - Running gopiai-ui tests (unit)...
2025-08-21 16:24:11,755 - __main__ - INFO - Running gopiai-ui tests (integration)...
2025-08-21 16:24:11,756 - __main__ - ERROR - ✗ gopiai-ui tests failed with exception: [Errno 2] No such file or directory: 'GopiAI-UI'
2025-08-21 16:24:11,756 - __main__ - ERROR - Failed to create test command for gopiai-ui: Python executable not found for environment .venv
2025-08-21 16:24:11,757 - __main__ - ERROR - Failed to create test command for gopiai-crewai: Python executable not found for environment .venv
2025-08-21 16:24:11,758 - __main__ - ERROR - Failed to create test command for gopiai-crewai: Python executable not found for environment .venv
2025-08-21 16:24:11,758 - __main__ - ERROR - Failed to create test command for gopiai-crewai: Python executable not found for environment .venv
2025-08-21 16:24:11,759 - __main__ - ERROR - Failed to create test command for gopiai-assets: Python executable not found for environment .venv
2025-08-21 16:24:11,759 - __main__ - ERROR - ✗ gopiai-ui tests failed with exception: [Errno 2] No such file or directory: PosixPath('GopiAI-UI')
2025-08-21 16:24:11,763 - __main__ - INFO - Comprehensive test report written to comprehensive_test_report_1755793451.json
2025-08-21 16:25:21,819 - __main__ - INFO - Starting comprehensive test run...
2025-08-21 16:25:21,820 - __main__ - INFO - Discovering existing problems in codebase...
2025-08-21 16:25:21,820 - problem_discovery - INFO - Scanning module: GopiAI-UI
2025-08-21 16:25:22,864 - problem_discovery - INFO - Scanning module: GopiAI-CrewAI
2025-08-21 16:25:24,404 - problem_discovery - INFO - Scanning module: GopiAI-Assets
2025-08-21 16:25:24,410 - problem_discovery - INFO - Problem discovery report written to problem_discovery_report.json
2025-08-21 16:25:24,411 - problem_discovery - INFO - Pytest markers written to test_infrastructure/pytest_markers.py
2025-08-21 16:25:24,411 - __main__ - INFO - Discovered 73 problems
2025-08-21 16:25:24,411 - __main__ - INFO - Validating test environments...
2025-08-21 16:25:24,411 - __main__ - INFO - ✓ Environment .venv is valid
2025-08-21 16:25:24,411 - __main__ - INFO - Prepared 7 test tasks
2025-08-21 16:25:24,412 - __main__ - INFO - Running tests in parallel with 3 workers
2025-08-21 16:25:24,413 - __main__ - INFO - Running gopiai-ui tests (unit)...
2025-08-21 16:25:24,415 - __main__ - INFO - Running gopiai-ui tests (integration)...
2025-08-21 16:25:24,417 - __main__ - INFO - Running gopiai-ui tests (ui)...
2025-08-21 16:25:24,418 - __main__ - ERROR - ✗ gopiai-ui tests failed with exception: [Errno 2] No such file or directory: '.venv/bin/python'
2025-08-21 16:25:24,419 - __main__ - INFO - Running gopiai-crewai tests (unit)...
2025-08-21 16:25:24,419 - __main__ - ERROR - ✗ gopiai-ui tests failed with exception: [Errno 2] No such file or directory: '.venv/bin/python'
2025-08-21 16:25:24,420 - __main__ - INFO - Running gopiai-crewai tests (integration)...
2025-08-21 16:25:24,421 - __main__ - ERROR - ✗ gopiai-ui tests failed with exception: [Errno 2] No such file or directory: '.venv/bin/python'
2025-08-21 16:25:24,422 - __main__ - INFO - Running gopiai-crewai tests (api)...
2025-08-21 16:25:24,423 - __main__ - ERROR - ✗ gopiai-crewai tests failed with exception: [Errno 2] No such file or directory: '.venv/bin/python'
2025-08-21 16:25:24,424 - __main__ - ERROR - ✗ gopiai-crewai tests failed with exception: [Errno 2] No such file or directory: '.venv/bin/python'
2025-08-21 16:25:24,424 - __main__ - INFO - Running gopiai-assets tests (unit)...
2025-08-21 16:25:24,425 - __main__ - ERROR - ✗ gopiai-crewai tests failed with exception: [Errno 2] No such file or directory: '.venv/bin/python'
2025-08-21 16:25:24,426 - __main__ - ERROR - ✗ gopiai-assets tests failed with exception: [Errno 2] No such file or directory: '.venv/bin/python'
2025-08-21 16:25:24,429 - __main__ - INFO - Comprehensive test report written to comprehensive_test_report_1755793524.json
2025-08-21 16:26:08,467 - __main__ - INFO - Starting comprehensive test run...
2025-08-21 16:26:08,467 - __main__ - INFO - Discovering existing problems in codebase...
2025-08-21 16:26:08,467 - problem_discovery - INFO - Scanning module: GopiAI-UI
2025-08-21 16:26:09,204 - problem_discovery - INFO - Scanning module: GopiAI-CrewAI
2025-08-21 16:26:10,443 - problem_discovery - INFO - Scanning module: GopiAI-Assets
2025-08-21 16:26:10,448 - problem_discovery - INFO - Problem discovery report written to problem_discovery_report.json
2025-08-21 16:26:10,449 - problem_discovery - INFO - Pytest markers written to test_infrastructure/pytest_markers.py
2025-08-21 16:26:10,449 - __main__ - INFO - Discovered 73 problems
2025-08-21 16:26:10,449 - __main__ - INFO - Validating test environments...
2025-08-21 16:26:10,449 - __main__ - INFO - ✓ Environment .venv is valid
2025-08-21 16:26:10,449 - __main__ - INFO - Prepared 7 test tasks
2025-08-21 16:26:10,449 - __main__ - INFO - Running tests in parallel with 3 workers
2025-08-21 16:26:10,452 - __main__ - INFO - Running gopiai-ui tests (integration)...
2025-08-21 16:26:10,455 - __main__ - INFO - Running gopiai-ui tests (unit)...
2025-08-21 16:26:10,456 - __main__ - INFO - Running gopiai-ui tests (ui)...
2025-08-21 16:26:10,491 - __main__ - ERROR - ✗ gopiai-ui tests failed (0.03s)
2025-08-21 16:26:10,491 - __main__ - ERROR - Error output: /home/jules/.pyenv/versions/3.12.11/bin/python3.12: No module named pytest
...
2025-08-21 16:26:10,492 - __main__ - INFO - Running gopiai-crewai tests (unit)...
2025-08-21 16:26:10,493 - __main__ - ERROR - ✗ gopiai-ui tests failed (0.04s)
2025-08-21 16:26:10,493 - __main__ - ERROR - Error output: /home/jules/.pyenv/versions/3.12.11/bin/python3.12: No module named pytest
...
2025-08-21 16:26:10,493 - __main__ - INFO - Running gopiai-crewai tests (integration)...
2025-08-21 16:26:10,494 - __main__ - ERROR - ✗ gopiai-ui tests failed (0.04s)
2025-08-21 16:26:10,494 - __main__ - ERROR - Error output: /home/jules/.pyenv/versions/3.12.11/bin/python3.12: No module named pytest
...
2025-08-21 16:26:10,495 - __main__ - INFO - Running gopiai-crewai tests (api)...
2025-08-21 16:26:10,531 - __main__ - ERROR - ✗ gopiai-crewai tests failed (0.04s)
2025-08-21 16:26:10,531 - __main__ - ERROR - Error output: /home/jules/.pyenv/versions/3.12.11/bin/python3.12: No module named pytest
...
2025-08-21 16:26:10,533 - __main__ - ERROR - ✗ gopiai-crewai tests failed (0.04s)
2025-08-21 16:26:10,533 - __main__ - ERROR - Error output: /home/jules/.pyenv/versions/3.12.11/bin/python3.12: No module named pytest
...
2025-08-21 16:26:10,553 - __main__ - INFO - Running gopiai-assets tests (unit)...
2025-08-21 16:26:10,553 - __main__ - ERROR - ✗ gopiai-crewai tests failed (0.06s)
2025-08-21 16:26:10,554 - __main__ - ERROR - Error output: /home/jules/.pyenv/versions/3.12.11/bin/python3.12: No module named pytest
...
2025-08-21 16:26:10,578 - __main__ - ERROR - ✗ gopiai-assets tests failed (0.02s)
2025-08-21 16:26:10,578 - __main__ - ERROR - Error output: /home/jules/.pyenv/versions/3.12.11/bin/python3.12: No module named pytest
...
2025-08-21 16:26:10,582 - __main__ - INFO - Comprehensive test report written to comprehensive_test_report_1755793570.json
2025-08-21 16:26:55,394 - __main__ - INFO - Starting comprehensive test run...
2025-08-21 16:26:55,394 - __main__ - INFO - Discovering existing problems in codebase...
2025-08-21 16:26:55,394 - problem_discovery - INFO - Scanning module: GopiAI-UI
2025-08-21 16:26:56,067 - problem_discovery - INFO - Scanning module: GopiAI-CrewAI
2025-08-21 16:26:57,225 - problem_discovery - INFO - Scanning module: GopiAI-Assets
2025-08-21 16:26:57,230 - problem_discovery - INFO - Problem discovery report written to problem_discovery_report.json
2025-08-21 16:26:57,231 - problem_discovery - INFO - Pytest markers written to test_infrastructure/pytest_markers.py
2025-08-21 16:26:57,231 - __main__ - INFO - Discovered 73 problems
2025-08-21 16:26:57,231 - __main__ - INFO - Validating test environments...
2025-08-21 16:26:57,231 - __main__ - INFO - ✓ Environment .venv is valid
2025-08-21 16:26:57,231 - __main__ - INFO - Prepared 7 test tasks
2025-08-21 16:26:57,231 - __main__ - INFO - Running tests in parallel with 3 workers
2025-08-21 16:26:57,232 - __main__ - INFO - Running gopiai-ui tests (unit)...
2025-08-21 16:26:57,233 - __main__ - INFO - Running gopiai-ui tests (integration)...
2025-08-21 16:26:57,236 - __main__ - INFO - Running gopiai-ui tests (ui)...
2025-08-21 16:26:58,156 - __main__ - ERROR - ✗ gopiai-ui tests failed (0.92s)
2025-08-21 16:26:58,156 - __main__ - ERROR - Error output: Traceback (most recent call last):
  File "<frozen runpy>", line 198, in _run_module_as_main
  File "<frozen runpy>", line 88, in _run_code
  File "/app/.venv/lib/python3.12/site-packages/pytest/__main__.py", line 9, in <module>
    raise SystemExit(pytest.console_main())
                     ^^^^^^^^^^^^^^^^^^^^^
  File "/app/.venv/lib/python3.12/site-packages/_pytest/config/__init__.py", line 201, in console_main
    code = main()
           ^^^^^^
  File "/app/.venv/lib/python3.12/site-packag...
2025-08-21 16:26:58,157 - __main__ - INFO - Running gopiai-crewai tests (unit)...
2025-08-21 16:26:58,159 - __main__ - ERROR - ✗ gopiai-ui tests failed (0.93s)
2025-08-21 16:26:58,159 - __main__ - ERROR - ✗ gopiai-ui tests failed (0.92s)
2025-08-21 16:26:58,159 - __main__ - ERROR - Error output: Traceback (most recent call last):
  File "<frozen runpy>", line 198, in _run_module_as_main
  File "<frozen runpy>", line 88, in _run_code
  File "/app/.venv/lib/python3.12/site-packages/pytest/__main__.py", line 9, in <module>
    raise SystemExit(pytest.console_main())
                     ^^^^^^^^^^^^^^^^^^^^^
  File "/app/.venv/lib/python3.12/site-packages/_pytest/config/__init__.py", line 201, in console_main
    code = main()
           ^^^^^^
  File "/app/.venv/lib/python3.12/site-packag...
2025-08-21 16:26:58,159 - __main__ - ERROR - Error output: Traceback (most recent call last):
  File "<frozen runpy>", line 198, in _run_module_as_main
  File "<frozen runpy>", line 88, in _run_code
  File "/app/.venv/lib/python3.12/site-packages/pytest/__main__.py", line 9, in <module>
    raise SystemExit(pytest.console_main())
                     ^^^^^^^^^^^^^^^^^^^^^
  File "/app/.venv/lib/python3.12/site-packages/_pytest/config/__init__.py", line 201, in console_main
    code = main()
           ^^^^^^
  File "/app/.venv/lib/python3.12/site-packag...
2025-08-21 16:26:58,160 - __main__ - INFO - Running gopiai-crewai tests (integration)...
2025-08-21 16:26:58,160 - __main__ - INFO - Running gopiai-crewai tests (api)...
2025-08-21 16:26:58,453 - __main__ - ERROR - ✗ gopiai-crewai tests failed (0.29s)
2025-08-21 16:26:58,454 - __main__ - ERROR - ✗ gopiai-crewai tests failed (0.30s)
2025-08-21 16:26:58,454 - __main__ - ERROR - Error output: Traceback (most recent call last):
  File "<frozen runpy>", line 198, in _run_module_as_main
  File "<frozen runpy>", line 88, in _run_code
  File "/app/.venv/lib/python3.12/site-packages/pytest/__main__.py", line 9, in <module>
    raise SystemExit(pytest.console_main())
                     ^^^^^^^^^^^^^^^^^^^^^
  File "/app/.venv/lib/python3.12/site-packages/_pytest/config/__init__.py", line 201, in console_main
    code = main()
           ^^^^^^
  File "/app/.venv/lib/python3.12/site-packag...
2025-08-21 16:26:58,455 - __main__ - ERROR - Error output: Traceback (most recent call last):
  File "<frozen runpy>", line 198, in _run_module_as_main
  File "<frozen runpy>", line 88, in _run_code
  File "/app/.venv/lib/python3.12/site-packages/pytest/__main__.py", line 9, in <module>
    raise SystemExit(pytest.console_main())
                     ^^^^^^^^^^^^^^^^^^^^^
  File "/app/.venv/lib/python3.12/site-packages/_pytest/config/__init__.py", line 201, in console_main
    code = main()
           ^^^^^^
  File "/app/.venv/lib/python3.12/site-packag...
2025-08-21 16:26:58,455 - __main__ - ERROR - ✗ gopiai-crewai tests failed (0.29s)
2025-08-21 16:26:58,456 - __main__ - INFO - Running gopiai-assets tests (unit)...
2025-08-21 16:26:58,456 - __main__ - ERROR - Error output: Traceback (most recent call last):
  File "<frozen runpy>", line 198, in _run_module_as_main
  File "<frozen runpy>", line 88, in _run_code
  File "/app/.venv/lib/python3.12/site-packages/pytest/__main__.py", line 9, in <module>
    raise SystemExit(pytest.console_main())
                     ^^^^^^^^^^^^^^^^^^^^^
  File "/app/.venv/lib/python3.12/site-packages/_pytest/config/__init__.py", line 201, in console_main
    code = main()
           ^^^^^^
  File "/app/.venv/lib/python3.12/site-packag...
2025-08-21 16:26:58,745 - __main__ - ERROR - ✗ gopiai-assets tests failed (0.29s)
2025-08-21 16:26:58,746 - __main__ - ERROR - Error output: Traceback (most recent call last):
  File "<frozen runpy>", line 198, in _run_module_as_main
  File "<frozen runpy>", line 88, in _run_code
  File "/app/.venv/lib/python3.12/site-packages/pytest/__main__.py", line 9, in <module>
    raise SystemExit(pytest.console_main())
                     ^^^^^^^^^^^^^^^^^^^^^
  File "/app/.venv/lib/python3.12/site-packages/_pytest/config/__init__.py", line 201, in console_main
    code = main()
           ^^^^^^
  File "/app/.venv/lib/python3.12/site-packag...
2025-08-21 16:26:58,749 - __main__ - INFO - Comprehensive test report written to comprehensive_test_report_1755793618.json
